<?xml version="1.0" encoding="UTF-8"?>
<testng-results skipped="0" failed="0" ignored="0" total="1" passed="1">
  <reporter-output>
  </reporter-output>
  <suite name="Default suite" duration-ms="35360" started-at="2019-01-05T20:27:23Z" finished-at="2019-01-05T20:27:58Z">
    <groups>
    </groups>
    <test name="Default test" duration-ms="35360" started-at="2019-01-05T20:27:23Z" finished-at="2019-01-05T20:27:58Z">
      <class name="extentReport.ExtentReportWithScreenShot">
        <test-method status="PASS" signature="beforetest()[pri:0, instance:extentReport.ExtentReportWithScreenShot@feb982]" name="beforetest" is-config="true" duration-ms="4521" started-at="2019-01-05T20:27:23Z" finished-at="2019-01-05T20:27:28Z">
          <reporter-output>
          </reporter-output>
        </test-method> <!-- beforetest -->
        <test-method status="PASS" signature="beforemethod()[pri:0, instance:extentReport.ExtentReportWithScreenShot@feb982]" name="beforemethod" is-config="true" duration-ms="192" started-at="2019-01-05T20:27:28Z" finished-at="2019-01-05T20:27:28Z">
          <reporter-output>
          </reporter-output>
        </test-method> <!-- beforemethod -->
        <test-method status="PASS" signature="testcase()[pri:0, instance:extentReport.ExtentReportWithScreenShot@feb982]" name="testcase" duration-ms="29541" started-at="2019-01-05T20:27:28Z" finished-at="2019-01-05T20:27:57Z">
          <reporter-output>
          </reporter-output>
        </test-method> <!-- testcase -->
        <test-method status="PASS" signature="aftertest()[pri:0, instance:extentReport.ExtentReportWithScreenShot@feb982]" name="aftertest" is-config="true" duration-ms="1087" started-at="2019-01-05T20:27:57Z" finished-at="2019-01-05T20:27:58Z">
          <reporter-output>
          </reporter-output>
        </test-method> <!-- aftertest -->
      </class> <!-- extentReport.ExtentReportWithScreenShot -->
    </test> <!-- Default test -->
  </suite> <!-- Default suite -->
</testng-results>
